# JRE version: OpenJDK Runtime Environment (11.0.11+9) (build 11.0.11+9-b60-7590822)
# Java VM: OpenJDK 64-Bit Server VM (11.0.11+9-b60-7590822, mixed mode, tiered, compressed oops, g1 gc, windows-amd64)
Heap:
 garbage-first heap   total 450560K, used 280777K [0x00000000a0000000, 0x0000000100000000)
  region size 1024K, 5 young (5120K), 4 survivors (4096K)
 Metaspace       used 105284K, capacity 108532K, committed 108672K, reserved 1142784K
  class space    used 13544K, capacity 14700K, committed 14720K, reserved 1048576K
GC Heap History (20 events):
Event: 94.426 GC heap before
{Heap before GC invocations=85 (full 0):
 garbage-first heap   total 234496K, used 172797K [0x00000000a0000000, 0x0000000100000000)
  region size 1024K, 23 young (23552K), 2 survivors (2048K)
 Metaspace       used 98475K, capacity 101381K, committed 101632K, reserved 1136640K
  class space    used 12726K, capacity 13754K, committed 13824K, reserved 1048576K
}
Event: 94.446 GC heap after
{Heap after GC invocations=86 (full 0):
 garbage-first heap   total 234496K, used 160178K [0x00000000a0000000, 0x0000000100000000)
  region size 1024K, 3 young (3072K), 3 survivors (3072K)
 Metaspace       used 98475K, capacity 101381K, committed 101632K, reserved 1136640K
  class space    used 12726K, capacity 13754K, committed 13824K, reserved 1048576K
}
Event: 94.813 GC heap before
{Heap before GC invocations=86 (full 0):
 garbage-first heap   total 234496K, used 181682K [0x00000000a0000000, 0x0000000100000000)
  region size 1024K, 22 young (22528K), 3 survivors (3072K)
 Metaspace       used 98526K, capacity 101447K, committed 101632K, reserved 1136640K
  class space    used 12726K, capacity 13754K, committed 13824K, reserved 1048576K
}
Event: 94.832 GC heap after
{Heap after GC invocations=87 (full 0):
 garbage-first heap   total 234496K, used 169949K [0x00000000a0000000, 0x0000000100000000)
  region size 1024K, 3 young (3072K), 3 survivors (3072K)
 Metaspace       used 98526K, capacity 101447K, committed 101632K, reserved 1136640K
  class space    used 12726K, capacity 13754K, committed 13824K, reserved 1048576K
}
Event: 95.063 GC heap before
{Heap before GC invocations=87 (full 0):
 garbage-first heap   total 234496K, used 186333K [0x00000000a0000000, 0x0000000100000000)
  region size 1024K, 19 young (19456K), 3 survivors (3072K)
 Metaspace       used 98782K, capacity 101680K, committed 101888K, reserved 1136640K
  class space    used 12747K, capacity 13789K, committed 13824K, reserved 1048576K
}
Event: 95.085 GC heap after
{Heap after GC invocations=88 (full 0):
 garbage-first heap   total 234496K, used 177819K [0x00000000a0000000, 0x0000000100000000)
  region size 1024K, 3 young (3072K), 3 survivors (3072K)
 Metaspace       used 98782K, capacity 101680K, committed 101888K, reserved 1136640K
  class space    used 12747K, capacity 13789K, committed 13824K, reserved 1048576K
}
Event: 95.792 GC heap before
{Heap before GC invocations=89 (full 0):
 garbage-first heap   total 234496K, used 191131K [0x00000000a0000000, 0x0000000100000000)
  region size 1024K, 17 young (17408K), 3 survivors (3072K)
 Metaspace       used 100586K, capacity 103592K, committed 103808K, reserved 1138688K
  class space    used 13021K, capacity 14121K, committed 14208K, reserved 1048576K
}
Event: 95.819 GC heap after
{Heap after GC invocations=90 (full 0):
 garbage-first heap   total 346112K, used 182272K [0x00000000a0000000, 0x0000000100000000)
  region size 1024K, 3 young (3072K), 3 survivors (3072K)
 Metaspace       used 100586K, capacity 103592K, committed 103808K, reserved 1138688K
  class space    used 13021K, capacity 14121K, committed 14208K, reserved 1048576K
}
Event: 97.308 GC heap before
{Heap before GC invocations=90 (full 0):
 garbage-first heap   total 346112K, used 228352K [0x00000000a0000000, 0x0000000100000000)
  region size 1024K, 47 young (48128K), 3 survivors (3072K)
 Metaspace       used 101089K, capacity 104115K, committed 104320K, reserved 1138688K
  class space    used 13069K, capacity 14184K, committed 14208K, reserved 1048576K
}
Event: 97.359 GC heap after
{Heap after GC invocations=91 (full 0):
 garbage-first heap   total 346112K, used 194893K [0x00000000a0000000, 0x0000000100000000)
  region size 1024K, 6 young (6144K), 6 survivors (6144K)
 Metaspace       used 101089K, capacity 104115K, committed 104320K, reserved 1138688K
  class space    used 13069K, capacity 14184K, committed 14208K, reserved 1048576K
}
Event: 99.571 GC heap before
{Heap before GC invocations=91 (full 0):
 garbage-first heap   total 346112K, used 248141K [0x00000000a0000000, 0x0000000100000000)
  region size 1024K, 49 young (50176K), 6 survivors (6144K)
 Metaspace       used 102263K, capacity 105388K, committed 105600K, reserved 1140736K
  class space    used 13217K, capacity 14337K, committed 14464K, reserved 1048576K
}
Event: 99.600 GC heap after
{Heap after GC invocations=92 (full 0):
 garbage-first heap   total 346112K, used 211712K [0x00000000a0000000, 0x0000000100000000)
  region size 1024K, 7 young (7168K), 7 survivors (7168K)
 Metaspace       used 102263K, capacity 105388K, committed 105600K, reserved 1140736K
  class space    used 13217K, capacity 14337K, committed 14464K, reserved 1048576K
}
Event: 100.243 GC heap before
{Heap before GC invocations=92 (full 0):
 garbage-first heap   total 346112K, used 254720K [0x00000000a0000000, 0x0000000100000000)
  region size 1024K, 47 young (48128K), 7 survivors (7168K)
 Metaspace       used 102459K, capacity 105585K, committed 105856K, reserved 1140736K
  class space    used 13235K, capacity 14377K, committed 14464K, reserved 1048576K
}
Event: 100.258 GC heap after
{Heap after GC invocations=93 (full 0):
 garbage-first heap   total 346112K, used 221512K [0x00000000a0000000, 0x0000000100000000)
  region size 1024K, 6 young (6144K), 6 survivors (6144K)
 Metaspace       used 102459K, capacity 105585K, committed 105856K, reserved 1140736K
  class space    used 13235K, capacity 14377K, committed 14464K, reserved 1048576K
}
Event: 100.897 GC heap before
{Heap before GC invocations=93 (full 0):
 garbage-first heap   total 346112K, used 270664K [0x00000000a0000000, 0x0000000100000000)
  region size 1024K, 46 young (47104K), 6 survivors (6144K)
 Metaspace       used 102586K, capacity 105781K, committed 106112K, reserved 1140736K
  class space    used 13236K, capacity 14378K, committed 14464K, reserved 1048576K
}
Event: 100.907 GC heap after
{Heap after GC invocations=94 (full 0):
 garbage-first heap   total 346112K, used 233417K [0x00000000a0000000, 0x0000000100000000)
  region size 1024K, 4 young (4096K), 4 survivors (4096K)
 Metaspace       used 102586K, capacity 105781K, committed 106112K, reserved 1140736K
  class space    used 13236K, capacity 14378K, committed 14464K, reserved 1048576K
}
Event: 103.381 GC heap before
{Heap before GC invocations=94 (full 0):
 garbage-first heap   total 346112K, used 286665K [0x00000000a0000000, 0x0000000100000000)
  region size 1024K, 42 young (43008K), 4 survivors (4096K)
 Metaspace       used 103144K, capacity 106334K, committed 106624K, reserved 1140736K
  class space    used 13278K, capacity 14421K, committed 14464K, reserved 1048576K
}
Event: 103.388 GC heap after
{Heap after GC invocations=95 (full 0):
 garbage-first heap   total 346112K, used 227965K [0x00000000a0000000, 0x0000000100000000)
  region size 1024K, 3 young (3072K), 3 survivors (3072K)
 Metaspace       used 103144K, capacity 106334K, committed 106624K, reserved 1140736K
  class space    used 13278K, capacity 14421K, committed 14464K, reserved 1048576K
}
Event: 105.004 GC heap before
{Heap before GC invocations=95 (full 0):
 garbage-first heap   total 346112K, used 271997K [0x00000000a0000000, 0x0000000100000000)
  region size 1024K, 29 young (29696K), 3 survivors (3072K)
 Metaspace       used 105283K, capacity 108535K, committed 108672K, reserved 1142784K
  class space    used 13544K, capacity 14701K, committed 14720K, reserved 1048576K
}
Event: 105.012 GC heap after
{Heap after GC invocations=96 (full 0):
 garbage-first heap   total 346112K, used 236745K [0x00000000a0000000, 0x0000000100000000)
  region size 1024K, 4 young (4096K), 4 survivors (4096K)
 Metaspace       used 105283K, capacity 108535K, committed 108672K, reserved 1142784K
  class space    used 13544K, capacity 14701K, committed 14720K, reserved 1048576K
}

